<?xml version="1.0" encoding="UTF-8"?>
<testsuite xmlns:xsi="http://www.w3.org/2001/XMLSchema-instance" xsi:noNamespaceSchemaLocation="https://maven.apache.org/surefire/maven-surefire-plugin/xsd/surefire-test-report.xsd" version="3.0.2" name="com.chatbot.chatbot_backend.ChatbotBackendApplicationTests" time="2.831" tests="1" errors="0" skipped="0" failures="0">
  <properties>
[...]
</properties>
  <testcase name="contextLoads" classname="com.chatbot.chatbot_backend.ChatbotBackendApplicationTests" time="0.747">
    <system-out><![CDATA[17:07:04.221 [main] INFO org.springframework.test.context.support.AnnotationConfigContextLoaderUtils -- Could not detect default configuration classes for test class [com.chatbot.chatbot_backend.ChatbotBackendApplicationTests]: ChatbotBackendApplicationTests does not declare any static, non-private, non-final, nested classes annotated with @Configuration.
17:07:04.355 [main] INFO org.springframework.boot.test.context.SpringBootTestContextBootstrapper -- Found @SpringBootConfiguration com.chatbot.chatbot_backend.ChatbotBackendApplication for test class com.chatbot.chatbot_backend.ChatbotBackendApplicationTests

  .   ____          _            __ _ _
 /\\ / ___'_ __ _ _(_)_ __  __ _ \ \ \ \
( ( )\___ | '_ | '_| | '_ \/ _` | \ \ \ \
 \\/  ___)| |_)| | | | | || (_| |  ) ) ) )
  '  |____| .__|_| |_|_| |_\__, | / / / /
 =========|_|==============|___/=/_/_/_/

 :: Spring Boot ::                (v4.0.1)

2026-01-15T17:07:04.808+05:30  INFO 20924 --- [chatbot-backend] [           main] c.c.c.ChatbotBackendApplicationTests     : Starting ChatbotBackendApplicationTests using Java 21.0.3 with PID 20924 (started by roshan.shukla in D:\Workspace\OmniFin6.2\Backend\business\chatbot-backend)
2026-01-15T17:07:04.810+05:30  INFO 20924 --- [chatbot-backend] [           main] c.c.c.ChatbotBackendApplicationTests     : No active profile set, falling back to 1 default profile: "default"
2026-01-15T17:07:06.001+05:30  INFO 20924 --- [chatbot-backend] [           main] c.c.c.ChatbotBackendApplicationTests     : Started ChatbotBackendApplicationTests in 1.485 seconds (process running for 3.006)
]]></system-out>
    <system-err><![CDATA[Mockito is currently self-attaching to enable the inline-mock-maker. This will no longer work in future releases of the JDK. Please add Mockito as an agent to your build as described in Mockito's documentation: https://javadoc.io/doc/org.mockito/mockito-core/latest/org.mockito/org/mockito/Mockito.html#0.3
WARNING: A Java agent has been loaded dynamically (C:\Users\roshan.shukla\.m2\repository\net\bytebuddy\byte-buddy-agent\1.17.8\byte-buddy-agent-1.17.8.jar)
WARNING: If a serviceability tool is in use, please run with -XX:+EnableDynamicAgentLoading to hide this warning
WARNING: If a serviceability tool is not in use, please run with -Djdk.instrument.traceUsage for more information
WARNING: Dynamic loading of agents will be disallowed by default in a future release
]]></system-err>
  </testcase>
</testsuite>